2017-04-17 00:36:30,798 [INFO] from application in ForkJoinPool-1-worker-1 - Creating Pool for datasource 'default'
2017-04-17 00:36:31,099 [INFO] from play.api.db.DefaultDBApi in ForkJoinPool-1-worker-1 - Database [default] connected at jdbc:h2:file:./data/ProjectDB
2017-04-17 00:36:31,793 [INFO] from application in ForkJoinPool-1-worker-1 - ApplicationTimer demo: Starting application at 2017-04-16T23:36:31.792Z
2017-04-17 00:36:32,227 [INFO] from play.api.Play in ForkJoinPool-1-worker-1 - Application started (Dev)
2017-04-17 00:38:05,800 [INFO] from application in application-akka.actor.default-dispatcher-12 - ApplicationTimer demo: Stopping application at 2017-04-16T23:38:05.800Z after 94s.
2017-04-17 00:38:05,804 [INFO] from application in application-akka.actor.default-dispatcher-12 - Shutting down connection pool.
2017-04-17 00:38:05,954 [INFO] from application in application-akka.actor.default-dispatcher-12 - Creating Pool for datasource 'default'
2017-04-17 00:38:05,988 [INFO] from play.api.db.DefaultDBApi in application-akka.actor.default-dispatcher-12 - Database [default] connected at jdbc:h2:file:./data/ProjectDB
2017-04-17 00:38:06,042 [INFO] from application in application-akka.actor.default-dispatcher-12 - ApplicationTimer demo: Starting application at 2017-04-16T23:38:06.041Z
2017-04-17 00:38:06,144 [INFO] from play.api.Play in application-akka.actor.default-dispatcher-12 - Application started (Dev)
2017-04-17 00:46:07,301 [INFO] from application in application-akka.actor.default-dispatcher-40 - ApplicationTimer demo: Stopping application at 2017-04-16T23:46:07.300Z after 481s.
2017-04-17 00:46:07,301 [INFO] from application in application-akka.actor.default-dispatcher-40 - Shutting down connection pool.
2017-04-17 00:46:07,417 [INFO] from application in application-akka.actor.default-dispatcher-40 - Creating Pool for datasource 'default'
2017-04-17 00:46:07,435 [INFO] from play.api.db.DefaultDBApi in application-akka.actor.default-dispatcher-40 - Database [default] connected at jdbc:h2:file:./data/ProjectDB
2017-04-17 00:46:07,488 [INFO] from application in application-akka.actor.default-dispatcher-40 - ApplicationTimer demo: Starting application at 2017-04-16T23:46:07.488Z
2017-04-17 00:46:07,563 [INFO] from play.api.Play in application-akka.actor.default-dispatcher-40 - Application started (Dev)
2017-04-17 00:51:26,857 [INFO] from application in application-akka.actor.default-dispatcher-24 - ApplicationTimer demo: Stopping application at 2017-04-16T23:51:26.857Z after 319s.
2017-04-17 00:51:26,858 [INFO] from application in application-akka.actor.default-dispatcher-24 - Shutting down connection pool.
2017-04-17 00:51:26,973 [INFO] from application in application-akka.actor.default-dispatcher-24 - Creating Pool for datasource 'default'
2017-04-17 00:51:26,998 [INFO] from play.api.db.DefaultDBApi in application-akka.actor.default-dispatcher-24 - Database [default] connected at jdbc:h2:file:./data/ProjectDB
2017-04-17 00:51:27,053 [INFO] from application in application-akka.actor.default-dispatcher-24 - ApplicationTimer demo: Starting application at 2017-04-16T23:51:27.053Z
2017-04-17 00:51:27,137 [INFO] from play.api.Play in application-akka.actor.default-dispatcher-24 - Application started (Dev)
2017-04-17 00:54:34,840 [INFO] from application in application-akka.actor.default-dispatcher-3 - ApplicationTimer demo: Stopping application at 2017-04-16T23:54:34.840Z after 187s.
2017-04-17 00:54:34,840 [INFO] from application in application-akka.actor.default-dispatcher-3 - Shutting down connection pool.
2017-04-17 00:54:34,936 [INFO] from application in application-akka.actor.default-dispatcher-3 - Creating Pool for datasource 'default'
2017-04-17 00:54:34,956 [INFO] from play.api.db.DefaultDBApi in application-akka.actor.default-dispatcher-3 - Database [default] connected at jdbc:h2:file:./data/ProjectDB
2017-04-17 00:54:34,995 [INFO] from application in application-akka.actor.default-dispatcher-3 - ApplicationTimer demo: Starting application at 2017-04-16T23:54:34.995Z
2017-04-17 00:54:35,065 [INFO] from play.api.Play in application-akka.actor.default-dispatcher-3 - Application started (Dev)
2017-04-17 00:56:45,525 [INFO] from application in application-akka.actor.default-dispatcher-2 - ApplicationTimer demo: Stopping application at 2017-04-16T23:56:45.525Z after 131s.
2017-04-17 00:56:45,526 [INFO] from application in application-akka.actor.default-dispatcher-2 - Shutting down connection pool.
2017-04-17 00:56:45,630 [INFO] from application in application-akka.actor.default-dispatcher-2 - Creating Pool for datasource 'default'
2017-04-17 00:56:45,656 [INFO] from play.api.db.DefaultDBApi in application-akka.actor.default-dispatcher-2 - Database [default] connected at jdbc:h2:file:./data/ProjectDB
2017-04-17 00:56:45,701 [INFO] from application in application-akka.actor.default-dispatcher-2 - ApplicationTimer demo: Starting application at 2017-04-16T23:56:45.701Z
2017-04-17 00:56:45,766 [INFO] from play.api.Play in application-akka.actor.default-dispatcher-2 - Application started (Dev)
2017-04-17 00:57:16,159 [WARN] from play in application-akka.actor.default-dispatcher-3 - You are using status code '400' with flashing, which should only be used with a redirect status!
2017-04-17 00:57:22,467 [WARN] from play in application-akka.actor.default-dispatcher-11 - You are using status code '400' with flashing, which should only be used with a redirect status!
2017-04-17 01:16:14,359 [INFO] from application in application-akka.actor.default-dispatcher-60 - ApplicationTimer demo: Stopping application at 2017-04-17T00:16:14.359Z after 1169s.
2017-04-17 01:16:14,360 [INFO] from application in application-akka.actor.default-dispatcher-60 - Shutting down connection pool.
2017-04-17 01:16:14,468 [INFO] from application in application-akka.actor.default-dispatcher-60 - Creating Pool for datasource 'default'
2017-04-17 01:16:14,493 [INFO] from play.api.db.DefaultDBApi in application-akka.actor.default-dispatcher-60 - Database [default] connected at jdbc:h2:file:./data/ProjectDB
2017-04-17 01:16:14,532 [INFO] from application in application-akka.actor.default-dispatcher-60 - ApplicationTimer demo: Starting application at 2017-04-17T00:16:14.532Z
2017-04-17 01:16:14,606 [INFO] from play.api.Play in application-akka.actor.default-dispatcher-60 - Application started (Dev)
2017-04-17 01:17:11,385 [INFO] from application in application-akka.actor.default-dispatcher-4 - ApplicationTimer demo: Stopping application at 2017-04-17T00:17:11.385Z after 57s.
2017-04-17 01:17:11,385 [INFO] from application in application-akka.actor.default-dispatcher-4 - Shutting down connection pool.
2017-04-17 01:17:11,461 [INFO] from application in application-akka.actor.default-dispatcher-4 - Creating Pool for datasource 'default'
2017-04-17 01:17:11,475 [INFO] from play.api.db.DefaultDBApi in application-akka.actor.default-dispatcher-4 - Database [default] connected at jdbc:h2:file:./data/ProjectDB
2017-04-17 01:17:11,516 [INFO] from application in application-akka.actor.default-dispatcher-4 - ApplicationTimer demo: Starting application at 2017-04-17T00:17:11.516Z
2017-04-17 01:17:11,575 [INFO] from play.api.Play in application-akka.actor.default-dispatcher-4 - Application started (Dev)
2017-04-17 01:17:58,099 [INFO] from application in application-akka.actor.default-dispatcher-8 - ApplicationTimer demo: Stopping application at 2017-04-17T00:17:58.099Z after 47s.
2017-04-17 01:17:58,100 [INFO] from application in application-akka.actor.default-dispatcher-8 - Shutting down connection pool.
2017-04-17 01:17:58,181 [INFO] from application in application-akka.actor.default-dispatcher-8 - Creating Pool for datasource 'default'
2017-04-17 01:17:58,197 [INFO] from play.api.db.DefaultDBApi in application-akka.actor.default-dispatcher-8 - Database [default] connected at jdbc:h2:file:./data/ProjectDB
2017-04-17 01:17:58,239 [INFO] from application in application-akka.actor.default-dispatcher-8 - ApplicationTimer demo: Starting application at 2017-04-17T00:17:58.239Z
2017-04-17 01:17:58,297 [INFO] from play.api.Play in application-akka.actor.default-dispatcher-8 - Application started (Dev)
2017-04-17 01:18:13,938 [ERROR] from application in netty-event-loop-11 - 

! @73l19aepc - Internal server error, for (GET) [/assets/stylesheets/main.css] ->
 
play.sbt.PlayExceptions$CompilationException: Compilation error[cannot find symbol
  symbol:   variable getNa
  location: variable p of type models.Product]
	at play.sbt.PlayExceptions$CompilationException$.apply(PlayExceptions.scala:27)
	at play.sbt.PlayExceptions$CompilationException$.apply(PlayExceptions.scala:27)
	at scala.Option.map(Option.scala:145)
	at play.sbt.run.PlayReload$$anonfun$taskFailureHandler$1.apply(PlayReload.scala:49)
	at play.sbt.run.PlayReload$$anonfun$taskFailureHandler$1.apply(PlayReload.scala:44)
	at scala.Option.map(Option.scala:145)
	at play.sbt.run.PlayReload$.taskFailureHandler(PlayReload.scala:44)
	at play.sbt.run.PlayReload$.compileFailure(PlayReload.scala:40)
	at play.sbt.run.PlayReload$$anonfun$compile$2$$anonfun$apply$3.apply(PlayReload.scala:20)
	at play.sbt.run.PlayReload$$anonfun$compile$2$$anonfun$apply$3.apply(PlayReload.scala:20)
	at scala.util.Either$LeftProjection.map(Either.scala:377)
	at play.sbt.run.PlayReload$$anonfun$compile$2.apply(PlayReload.scala:20)
	at play.sbt.run.PlayReload$$anonfun$compile$2.apply(PlayReload.scala:18)
	at scala.util.Either$RightProjection.map(Either.scala:536)
	at play.sbt.run.PlayReload$.compile(PlayReload.scala:18)
	at play.sbt.run.PlayRun$$anonfun$playRunTask$1$$anonfun$apply$2$$anonfun$apply$3$$anonfun$2.apply(PlayRun.scala:61)
	at play.sbt.run.PlayRun$$anonfun$playRunTask$1$$anonfun$apply$2$$anonfun$apply$3$$anonfun$2.apply(PlayRun.scala:61)
	at play.runsupport.Reloader$$anonfun$reload$1.apply(Reloader.scala:339)
	at play.runsupport.Reloader$$anon$3.run(Reloader.scala:44)
	at java.security.AccessController.doPrivileged(Native Method)
	at play.runsupport.Reloader$.play$runsupport$Reloader$$withReloaderContextClassLoader(Reloader.scala:40)
	at play.runsupport.Reloader.reload(Reloader.scala:337)
	at play.core.server.DevServerStart$$anonfun$mainDev$1$$anon$1$$anonfun$get$1.apply(DevServerStart.scala:123)
	at play.core.server.DevServerStart$$anonfun$mainDev$1$$anon$1$$anonfun$get$1.apply(DevServerStart.scala:121)
	at scala.concurrent.impl.Future$PromiseCompletingRunnable.liftedTree1$1(Future.scala:24)
	at scala.concurrent.impl.Future$PromiseCompletingRunnable.run(Future.scala:24)
	at akka.dispatch.TaskInvocation.run(AbstractDispatcher.scala:39)
	at akka.dispatch.ForkJoinExecutorConfigurator$AkkaForkJoinTask.exec(AbstractDispatcher.scala:409)
	at scala.concurrent.forkjoin.ForkJoinTask.doExec(ForkJoinTask.java:260)
	at scala.concurrent.forkjoin.ForkJoinPool$WorkQueue.runTask(ForkJoinPool.java:1339)
	at scala.concurrent.forkjoin.ForkJoinPool.runWorker(ForkJoinPool.java:1979)
	at scala.concurrent.forkjoin.ForkJoinWorkerThread.run(ForkJoinWorkerThread.java:107)
2017-04-17 01:18:14,263 [ERROR] from application in netty-event-loop-14 - 

! @73l19afd9 - Internal server error, for (GET) [/assets/javascripts/hello.js] ->
 
play.sbt.PlayExceptions$CompilationException: Compilation error[cannot find symbol
  symbol:   variable getNa
  location: variable p of type models.Product]
	at play.sbt.PlayExceptions$CompilationException$.apply(PlayExceptions.scala:27)
	at play.sbt.PlayExceptions$CompilationException$.apply(PlayExceptions.scala:27)
	at scala.Option.map(Option.scala:145)
	at play.sbt.run.PlayReload$$anonfun$taskFailureHandler$1.apply(PlayReload.scala:49)
	at play.sbt.run.PlayReload$$anonfun$taskFailureHandler$1.apply(PlayReload.scala:44)
	at scala.Option.map(Option.scala:145)
	at play.sbt.run.PlayReload$.taskFailureHandler(PlayReload.scala:44)
	at play.sbt.run.PlayReload$.compileFailure(PlayReload.scala:40)
	at play.sbt.run.PlayReload$$anonfun$compile$1.apply(PlayReload.scala:17)
	at play.sbt.run.PlayReload$$anonfun$compile$1.apply(PlayReload.scala:17)
	at scala.util.Either$LeftProjection.map(Either.scala:377)
	at play.sbt.run.PlayReload$.compile(PlayReload.scala:17)
	at play.sbt.run.PlayRun$$anonfun$playRunTask$1$$anonfun$apply$2$$anonfun$apply$3$$anonfun$2.apply(PlayRun.scala:61)
	at play.sbt.run.PlayRun$$anonfun$playRunTask$1$$anonfun$apply$2$$anonfun$apply$3$$anonfun$2.apply(PlayRun.scala:61)
	at play.runsupport.Reloader$$anonfun$reload$1.apply(Reloader.scala:339)
	at play.runsupport.Reloader$$anon$3.run(Reloader.scala:44)
	at java.security.AccessController.doPrivileged(Native Method)
	at play.runsupport.Reloader$.play$runsupport$Reloader$$withReloaderContextClassLoader(Reloader.scala:40)
	at play.runsupport.Reloader.reload(Reloader.scala:337)
	at play.core.server.DevServerStart$$anonfun$mainDev$1$$anon$1$$anonfun$get$1.apply(DevServerStart.scala:123)
	at play.core.server.DevServerStart$$anonfun$mainDev$1$$anon$1$$anonfun$get$1.apply(DevServerStart.scala:121)
	at scala.concurrent.impl.Future$PromiseCompletingRunnable.liftedTree1$1(Future.scala:24)
	at scala.concurrent.impl.Future$PromiseCompletingRunnable.run(Future.scala:24)
	at akka.dispatch.TaskInvocation.run(AbstractDispatcher.scala:39)
	at akka.dispatch.ForkJoinExecutorConfigurator$AkkaForkJoinTask.exec(AbstractDispatcher.scala:409)
	at scala.concurrent.forkjoin.ForkJoinTask.doExec(ForkJoinTask.java:260)
	at scala.concurrent.forkjoin.ForkJoinPool$WorkQueue.runTask(ForkJoinPool.java:1339)
	at scala.concurrent.forkjoin.ForkJoinPool.runWorker(ForkJoinPool.java:1979)
	at scala.concurrent.forkjoin.ForkJoinWorkerThread.run(ForkJoinWorkerThread.java:107)
2017-04-17 01:18:17,822 [ERROR] from application in netty-event-loop-14 - 

! @73l19akk6 - Internal server error, for (POST) [/admin/addProductSubmit] ->
 
play.sbt.PlayExceptions$CompilationException: Compilation error[cannot find symbol
  symbol:   variable getNa
  location: variable p of type models.Product]
	at play.sbt.PlayExceptions$CompilationException$.apply(PlayExceptions.scala:27)
	at play.sbt.PlayExceptions$CompilationException$.apply(PlayExceptions.scala:27)
	at scala.Option.map(Option.scala:145)
	at play.sbt.run.PlayReload$$anonfun$taskFailureHandler$1.apply(PlayReload.scala:49)
	at play.sbt.run.PlayReload$$anonfun$taskFailureHandler$1.apply(PlayReload.scala:44)
	at scala.Option.map(Option.scala:145)
	at play.sbt.run.PlayReload$.taskFailureHandler(PlayReload.scala:44)
	at play.sbt.run.PlayReload$.compileFailure(PlayReload.scala:40)
	at play.sbt.run.PlayReload$$anonfun$compile$1.apply(PlayReload.scala:17)
	at play.sbt.run.PlayReload$$anonfun$compile$1.apply(PlayReload.scala:17)
	at scala.util.Either$LeftProjection.map(Either.scala:377)
	at play.sbt.run.PlayReload$.compile(PlayReload.scala:17)
	at play.sbt.run.PlayRun$$anonfun$playRunTask$1$$anonfun$apply$2$$anonfun$apply$3$$anonfun$2.apply(PlayRun.scala:61)
	at play.sbt.run.PlayRun$$anonfun$playRunTask$1$$anonfun$apply$2$$anonfun$apply$3$$anonfun$2.apply(PlayRun.scala:61)
	at play.runsupport.Reloader$$anonfun$reload$1.apply(Reloader.scala:339)
	at play.runsupport.Reloader$$anon$3.run(Reloader.scala:44)
	at java.security.AccessController.doPrivileged(Native Method)
	at play.runsupport.Reloader$.play$runsupport$Reloader$$withReloaderContextClassLoader(Reloader.scala:40)
	at play.runsupport.Reloader.reload(Reloader.scala:337)
	at play.core.server.DevServerStart$$anonfun$mainDev$1$$anon$1$$anonfun$get$1.apply(DevServerStart.scala:123)
	at play.core.server.DevServerStart$$anonfun$mainDev$1$$anon$1$$anonfun$get$1.apply(DevServerStart.scala:121)
	at scala.concurrent.impl.Future$PromiseCompletingRunnable.liftedTree1$1(Future.scala:24)
	at scala.concurrent.impl.Future$PromiseCompletingRunnable.run(Future.scala:24)
	at akka.dispatch.TaskInvocation.run(AbstractDispatcher.scala:39)
	at akka.dispatch.ForkJoinExecutorConfigurator$AkkaForkJoinTask.exec(AbstractDispatcher.scala:409)
	at scala.concurrent.forkjoin.ForkJoinTask.doExec(ForkJoinTask.java:260)
	at scala.concurrent.forkjoin.ForkJoinPool$WorkQueue.runTask(ForkJoinPool.java:1339)
	at scala.concurrent.forkjoin.ForkJoinPool.runWorker(ForkJoinPool.java:1979)
	at scala.concurrent.forkjoin.ForkJoinWorkerThread.run(ForkJoinWorkerThread.java:107)
2017-04-17 01:18:23,146 [ERROR] from application in netty-event-loop-14 - 

! @73l19b2h0 - Internal server error, for (GET) [/assets/stylesheets/main.css] ->
 
play.sbt.PlayExceptions$CompilationException: Compilation error[cannot find symbol
  symbol:   variable getNa
  location: variable p of type models.Product]
	at play.sbt.PlayExceptions$CompilationException$.apply(PlayExceptions.scala:27)
	at play.sbt.PlayExceptions$CompilationException$.apply(PlayExceptions.scala:27)
	at scala.Option.map(Option.scala:145)
	at play.sbt.run.PlayReload$$anonfun$taskFailureHandler$1.apply(PlayReload.scala:49)
	at play.sbt.run.PlayReload$$anonfun$taskFailureHandler$1.apply(PlayReload.scala:44)
	at scala.Option.map(Option.scala:145)
	at play.sbt.run.PlayReload$.taskFailureHandler(PlayReload.scala:44)
	at play.sbt.run.PlayReload$.compileFailure(PlayReload.scala:40)
	at play.sbt.run.PlayReload$$anonfun$compile$1.apply(PlayReload.scala:17)
	at play.sbt.run.PlayReload$$anonfun$compile$1.apply(PlayReload.scala:17)
	at scala.util.Either$LeftProjection.map(Either.scala:377)
	at play.sbt.run.PlayReload$.compile(PlayReload.scala:17)
	at play.sbt.run.PlayRun$$anonfun$playRunTask$1$$anonfun$apply$2$$anonfun$apply$3$$anonfun$2.apply(PlayRun.scala:61)
	at play.sbt.run.PlayRun$$anonfun$playRunTask$1$$anonfun$apply$2$$anonfun$apply$3$$anonfun$2.apply(PlayRun.scala:61)
	at play.runsupport.Reloader$$anonfun$reload$1.apply(Reloader.scala:339)
	at play.runsupport.Reloader$$anon$3.run(Reloader.scala:44)
	at java.security.AccessController.doPrivileged(Native Method)
	at play.runsupport.Reloader$.play$runsupport$Reloader$$withReloaderContextClassLoader(Reloader.scala:40)
	at play.runsupport.Reloader.reload(Reloader.scala:337)
	at play.core.server.DevServerStart$$anonfun$mainDev$1$$anon$1$$anonfun$get$1.apply(DevServerStart.scala:123)
	at play.core.server.DevServerStart$$anonfun$mainDev$1$$anon$1$$anonfun$get$1.apply(DevServerStart.scala:121)
	at scala.concurrent.impl.Future$PromiseCompletingRunnable.liftedTree1$1(Future.scala:24)
	at scala.concurrent.impl.Future$PromiseCompletingRunnable.run(Future.scala:24)
	at akka.dispatch.TaskInvocation.run(AbstractDispatcher.scala:39)
	at akka.dispatch.ForkJoinExecutorConfigurator$AkkaForkJoinTask.exec(AbstractDispatcher.scala:409)
	at scala.concurrent.forkjoin.ForkJoinTask.doExec(ForkJoinTask.java:260)
	at scala.concurrent.forkjoin.ForkJoinPool$WorkQueue.runTask(ForkJoinPool.java:1339)
	at scala.concurrent.forkjoin.ForkJoinPool.runWorker(ForkJoinPool.java:1979)
	at scala.concurrent.forkjoin.ForkJoinWorkerThread.run(ForkJoinWorkerThread.java:107)
2017-04-17 01:18:23,981 [INFO] from application in application-akka.actor.default-dispatcher-3 - ApplicationTimer demo: Stopping application at 2017-04-17T00:18:23.981Z after 25s.
2017-04-17 01:18:23,983 [INFO] from application in application-akka.actor.default-dispatcher-3 - Shutting down connection pool.
2017-04-17 01:18:24,055 [INFO] from application in application-akka.actor.default-dispatcher-3 - Creating Pool for datasource 'default'
2017-04-17 01:18:24,081 [INFO] from play.api.db.DefaultDBApi in application-akka.actor.default-dispatcher-3 - Database [default] connected at jdbc:h2:file:./data/ProjectDB
2017-04-17 01:18:24,123 [INFO] from application in application-akka.actor.default-dispatcher-3 - ApplicationTimer demo: Starting application at 2017-04-17T00:18:24.123Z
2017-04-17 01:18:24,182 [INFO] from play.api.Play in application-akka.actor.default-dispatcher-3 - Application started (Dev)
2017-04-17 01:19:06,046 [INFO] from application in application-akka.actor.default-dispatcher-6 - ApplicationTimer demo: Stopping application at 2017-04-17T00:19:06.046Z after 42s.
2017-04-17 01:19:06,047 [INFO] from application in application-akka.actor.default-dispatcher-6 - Shutting down connection pool.
2017-04-17 01:19:06,134 [INFO] from application in application-akka.actor.default-dispatcher-6 - Creating Pool for datasource 'default'
2017-04-17 01:19:06,160 [INFO] from play.api.db.DefaultDBApi in application-akka.actor.default-dispatcher-6 - Database [default] connected at jdbc:h2:file:./data/ProjectDB
2017-04-17 01:19:06,201 [INFO] from application in application-akka.actor.default-dispatcher-6 - ApplicationTimer demo: Starting application at 2017-04-17T00:19:06.201Z
2017-04-17 01:19:06,267 [INFO] from play.api.Play in application-akka.actor.default-dispatcher-6 - Application started (Dev)
2017-04-17 01:19:22,231 [INFO] from application in application-akka.actor.default-dispatcher-3 - ApplicationTimer demo: Stopping application at 2017-04-17T00:19:22.231Z after 16s.
2017-04-17 01:19:22,232 [INFO] from application in application-akka.actor.default-dispatcher-3 - Shutting down connection pool.
2017-04-17 01:19:22,299 [INFO] from application in application-akka.actor.default-dispatcher-3 - Creating Pool for datasource 'default'
2017-04-17 01:19:22,317 [INFO] from play.api.db.DefaultDBApi in application-akka.actor.default-dispatcher-3 - Database [default] connected at jdbc:h2:file:./data/ProjectDB
2017-04-17 01:19:22,361 [INFO] from application in application-akka.actor.default-dispatcher-3 - ApplicationTimer demo: Starting application at 2017-04-17T00:19:22.361Z
2017-04-17 01:19:22,415 [INFO] from play.api.Play in application-akka.actor.default-dispatcher-3 - Application started (Dev)
2017-04-17 01:22:41,788 [INFO] from application in application-akka.actor.default-dispatcher-10 - ApplicationTimer demo: Stopping application at 2017-04-17T00:22:41.788Z after 199s.
2017-04-17 01:22:41,789 [INFO] from application in application-akka.actor.default-dispatcher-10 - Shutting down connection pool.
2017-04-17 01:22:41,854 [INFO] from application in application-akka.actor.default-dispatcher-10 - Creating Pool for datasource 'default'
2017-04-17 01:22:41,869 [INFO] from play.api.db.DefaultDBApi in application-akka.actor.default-dispatcher-10 - Database [default] connected at jdbc:h2:file:./data/ProjectDB
2017-04-17 01:22:41,915 [INFO] from application in application-akka.actor.default-dispatcher-10 - ApplicationTimer demo: Starting application at 2017-04-17T00:22:41.914Z
2017-04-17 01:22:41,970 [INFO] from play.api.Play in application-akka.actor.default-dispatcher-10 - Application started (Dev)
2017-04-17 01:26:37,674 [INFO] from application in application-akka.actor.default-dispatcher-5 - ApplicationTimer demo: Stopping application at 2017-04-17T00:26:37.674Z after 236s.
2017-04-17 01:26:37,675 [INFO] from application in application-akka.actor.default-dispatcher-5 - Shutting down connection pool.
2017-04-17 01:26:37,742 [INFO] from application in application-akka.actor.default-dispatcher-5 - Creating Pool for datasource 'default'
2017-04-17 01:26:37,759 [INFO] from play.api.db.DefaultDBApi in application-akka.actor.default-dispatcher-5 - Database [default] connected at jdbc:h2:file:./data/ProjectDB
2017-04-17 01:26:37,801 [INFO] from application in application-akka.actor.default-dispatcher-5 - ApplicationTimer demo: Starting application at 2017-04-17T00:26:37.800Z
2017-04-17 01:26:37,875 [INFO] from play.api.Play in application-akka.actor.default-dispatcher-5 - Application started (Dev)
2017-04-17 01:34:46,899 [INFO] from application in application-akka.actor.default-dispatcher-33 - ApplicationTimer demo: Stopping application at 2017-04-17T00:34:46.899Z after 489s.
2017-04-17 01:34:46,900 [INFO] from application in application-akka.actor.default-dispatcher-33 - Shutting down connection pool.
2017-04-17 01:34:46,972 [INFO] from application in application-akka.actor.default-dispatcher-33 - Creating Pool for datasource 'default'
2017-04-17 01:34:46,987 [INFO] from play.api.db.DefaultDBApi in application-akka.actor.default-dispatcher-33 - Database [default] connected at jdbc:h2:file:./data/ProjectDB
2017-04-17 01:34:47,027 [INFO] from application in application-akka.actor.default-dispatcher-33 - ApplicationTimer demo: Starting application at 2017-04-17T00:34:47.027Z
2017-04-17 01:34:47,087 [INFO] from play.api.Play in application-akka.actor.default-dispatcher-33 - Application started (Dev)
2017-04-17 01:36:31,462 [ERROR] from application in application-akka.actor.default-dispatcher-13 - 

! @73l1bl0f8 - Internal server error, for (GET) [/addLoanSubmit/admin?id=1&stock=35&validAvailable=&available=LOANED&quantity=1.5] ->
 
play.api.http.HttpErrorHandlerExceptions$$anon$1: Execution exception[[CompletionException: java.lang.IllegalStateException: Error(s) binding form: {"quantity":["Invalid value"]}]]
	at play.api.http.HttpErrorHandlerExceptions$.throwableToUsefulException(HttpErrorHandler.scala:280)
	at play.api.http.DefaultHttpErrorHandler.onServerError(HttpErrorHandler.scala:206)
	at play.api.GlobalSettings$class.onError(GlobalSettings.scala:160)
	at play.api.DefaultGlobal$.onError(GlobalSettings.scala:188)
	at play.api.http.GlobalSettingsHttpErrorHandler.onServerError(HttpErrorHandler.scala:98)
	at play.core.server.netty.PlayRequestHandler$$anonfun$2$$anonfun$apply$1.applyOrElse(PlayRequestHandler.scala:100)
	at play.core.server.netty.PlayRequestHandler$$anonfun$2$$anonfun$apply$1.applyOrElse(PlayRequestHandler.scala:99)
	at scala.concurrent.Future$$anonfun$recoverWith$1.apply(Future.scala:344)
	at scala.concurrent.Future$$anonfun$recoverWith$1.apply(Future.scala:343)
	at scala.concurrent.impl.CallbackRunnable.run(Promise.scala:32)
	at play.api.libs.iteratee.Execution$trampoline$.execute(Execution.scala:70)
	at scala.concurrent.impl.CallbackRunnable.executeWithValue(Promise.scala:40)
	at scala.concurrent.impl.Promise$DefaultPromise.tryComplete(Promise.scala:248)
	at scala.concurrent.Promise$class.complete(Promise.scala:55)
	at scala.concurrent.impl.Promise$DefaultPromise.complete(Promise.scala:153)
	at scala.concurrent.Future$$anonfun$recoverWith$1$$anonfun$apply$6.apply(Future.scala:344)
	at scala.concurrent.Future$$anonfun$recoverWith$1$$anonfun$apply$6.apply(Future.scala:344)
	at scala.concurrent.impl.CallbackRunnable.run(Promise.scala:32)
	at scala.concurrent.BatchingExecutor$Batch$$anonfun$run$1.processBatch$1(BatchingExecutor.scala:63)
	at scala.concurrent.BatchingExecutor$Batch$$anonfun$run$1.apply$mcV$sp(BatchingExecutor.scala:78)
	at scala.concurrent.BatchingExecutor$Batch$$anonfun$run$1.apply(BatchingExecutor.scala:55)
	at scala.concurrent.BatchingExecutor$Batch$$anonfun$run$1.apply(BatchingExecutor.scala:55)
	at scala.concurrent.BlockContext$.withBlockContext(BlockContext.scala:72)
	at scala.concurrent.BatchingExecutor$Batch.run(BatchingExecutor.scala:54)
	at scala.concurrent.Future$InternalCallbackExecutor$.unbatchedExecute(Future.scala:599)
	at scala.concurrent.BatchingExecutor$class.execute(BatchingExecutor.scala:106)
	at scala.concurrent.Future$InternalCallbackExecutor$.execute(Future.scala:597)
	at scala.concurrent.impl.CallbackRunnable.executeWithValue(Promise.scala:40)
	at scala.concurrent.impl.Promise$DefaultPromise.scala$concurrent$impl$Promise$DefaultPromise$$dispatchOrAddCallback(Promise.scala:280)
	at scala.concurrent.impl.Promise$DefaultPromise.onComplete(Promise.scala:270)
	at scala.concurrent.Future$$anonfun$recoverWith$1.apply(Future.scala:344)
	at scala.concurrent.Future$$anonfun$recoverWith$1.apply(Future.scala:343)
	at scala.concurrent.impl.CallbackRunnable.run(Promise.scala:32)
	at akka.dispatch.BatchingExecutor$AbstractBatch.processBatch(BatchingExecutor.scala:55)
	at akka.dispatch.BatchingExecutor$BlockableBatch$$anonfun$run$1.apply$mcV$sp(BatchingExecutor.scala:91)
	at akka.dispatch.BatchingExecutor$BlockableBatch$$anonfun$run$1.apply(BatchingExecutor.scala:91)
	at akka.dispatch.BatchingExecutor$BlockableBatch$$anonfun$run$1.apply(BatchingExecutor.scala:91)
	at scala.concurrent.BlockContext$.withBlockContext(BlockContext.scala:72)
	at akka.dispatch.BatchingExecutor$BlockableBatch.run(BatchingExecutor.scala:90)
	at akka.dispatch.TaskInvocation.run(AbstractDispatcher.scala:39)
	at akka.dispatch.ForkJoinExecutorConfigurator$AkkaForkJoinTask.exec(AbstractDispatcher.scala:409)
	at scala.concurrent.forkjoin.ForkJoinTask.doExec(ForkJoinTask.java:260)
	at scala.concurrent.forkjoin.ForkJoinPool$WorkQueue.runTask(ForkJoinPool.java:1339)
	at scala.concurrent.forkjoin.ForkJoinPool.runWorker(ForkJoinPool.java:1979)
	at scala.concurrent.forkjoin.ForkJoinWorkerThread.run(ForkJoinWorkerThread.java:107)
Caused by: java.util.concurrent.CompletionException: java.lang.IllegalStateException: Error(s) binding form: {"quantity":["Invalid value"]}
	at java.util.concurrent.CompletableFuture.encodeThrowable(CompletableFuture.java:292)
	at java.util.concurrent.CompletableFuture.completeThrowable(CompletableFuture.java:308)
	at java.util.concurrent.CompletableFuture.uniApply(CompletableFuture.java:593)
	at java.util.concurrent.CompletableFuture$UniApply.tryFire(CompletableFuture.java:577)
	at java.util.concurrent.CompletableFuture.postComplete(CompletableFuture.java:474)
	at java.util.concurrent.CompletableFuture.completeExceptionally(CompletableFuture.java:1977)
	at scala.concurrent.java8.FuturesConvertersImpl$CF.apply(FutureConvertersImpl.scala:21)
	at scala.concurrent.java8.FuturesConvertersImpl$CF.apply(FutureConvertersImpl.scala:18)
	at scala.concurrent.impl.CallbackRunnable.run(Promise.scala:32)
	at scala.concurrent.BatchingExecutor$Batch$$anonfun$run$1.processBatch$1(BatchingExecutor.scala:63)
	at scala.concurrent.BatchingExecutor$Batch$$anonfun$run$1.apply$mcV$sp(BatchingExecutor.scala:78)
	at scala.concurrent.BatchingExecutor$Batch$$anonfun$run$1.apply(BatchingExecutor.scala:55)
	at scala.concurrent.BatchingExecutor$Batch$$anonfun$run$1.apply(BatchingExecutor.scala:55)
	at scala.concurrent.BlockContext$.withBlockContext(BlockContext.scala:72)
	at scala.concurrent.BatchingExecutor$Batch.run(BatchingExecutor.scala:54)
	at scala.concurrent.Future$InternalCallbackExecutor$.unbatchedExecute(Future.scala:599)
	at scala.concurrent.BatchingExecutor$class.execute(BatchingExecutor.scala:106)
	at scala.concurrent.Future$InternalCallbackExecutor$.execute(Future.scala:597)
	at scala.concurrent.impl.CallbackRunnable.executeWithValue(Promise.scala:40)
	at scala.concurrent.impl.Promise$DefaultPromise.tryComplete(Promise.scala:248)
	at scala.concurrent.Promise$class.tryFailure(Promise.scala:112)
	at scala.concurrent.impl.Promise$DefaultPromise.tryFailure(Promise.scala:153)
	at play.api.mvc.Filter$$anon$1$$anonfun$apply$4$$anonfun$apply$1.applyOrElse(Filters.scala:83)
	at play.api.mvc.Filter$$anon$1$$anonfun$apply$4$$anonfun$apply$1.applyOrElse(Filters.scala:77)
	... 15 common frames omitted
Caused by: java.lang.IllegalStateException: Error(s) binding form: {"quantity":["Invalid value"]}
	at play.data.Form.get(Form.java:634)
	at controllers.HomeController.addLoanSubmit(HomeController.java:296)
	at router.Routes$$anonfun$routes$1$$anonfun$applyOrElse$11$$anonfun$apply$11.apply(Routes.scala:893)
	at router.Routes$$anonfun$routes$1$$anonfun$applyOrElse$11$$anonfun$apply$11.apply(Routes.scala:893)
	at play.core.routing.HandlerInvokerFactory$$anon$4.resultCall(HandlerInvoker.scala:157)
	at play.core.routing.HandlerInvokerFactory$$anon$4.resultCall(HandlerInvoker.scala:156)
	at play.core.routing.HandlerInvokerFactory$JavaActionInvokerFactory$$anon$14$$anon$3$$anon$1.invocation(HandlerInvoker.scala:136)
	at play.core.j.JavaAction$$anon$1.call(JavaAction.scala:73)
	at play.http.HttpRequestHandler$1.call(HttpRequestHandler.java:54)
	at play.db.ebean.TransactionalAction.lambda$call$6(TransactionalAction.java:18)
	at com.avaje.ebeaninternal.server.core.DefaultServer.execute(DefaultServer.java:628)
	at com.avaje.ebeaninternal.server.core.DefaultServer.execute(DefaultServer.java:622)
	at com.avaje.ebean.Ebean.execute(Ebean.java:1419)
	at play.db.ebean.TransactionalAction.call(TransactionalAction.java:18)
	at play.mvc.Security$AuthenticatedAction.call(Security.java:53)
	at play.core.j.JavaAction$$anonfun$7.apply(JavaAction.scala:108)
	at play.core.j.JavaAction$$anonfun$7.apply(JavaAction.scala:108)
	at scala.concurrent.impl.Future$PromiseCompletingRunnable.liftedTree1$1(Future.scala:24)
	at scala.concurrent.impl.Future$PromiseCompletingRunnable.run(Future.scala:24)
	at play.core.j.HttpExecutionContext$$anon$2.run(HttpExecutionContext.scala:56)
	at play.api.libs.iteratee.Execution$trampoline$.execute(Execution.scala:70)
	at play.core.j.HttpExecutionContext.execute(HttpExecutionContext.scala:48)
	at scala.concurrent.impl.Future$.apply(Future.scala:31)
	at scala.concurrent.Future$.apply(Future.scala:492)
	at play.core.j.JavaAction.apply(JavaAction.scala:108)
	at play.api.mvc.Action$$anonfun$apply$2$$anonfun$apply$5$$anonfun$apply$6.apply(Action.scala:112)
	at play.api.mvc.Action$$anonfun$apply$2$$anonfun$apply$5$$anonfun$apply$6.apply(Action.scala:112)
	at play.utils.Threads$.withContextClassLoader(Threads.scala:21)
	at play.api.mvc.Action$$anonfun$apply$2$$anonfun$apply$5.apply(Action.scala:111)
	at play.api.mvc.Action$$anonfun$apply$2$$anonfun$apply$5.apply(Action.scala:110)
	at scala.Option.map(Option.scala:146)
	at play.api.mvc.Action$$anonfun$apply$2.apply(Action.scala:110)
	at play.api.mvc.Action$$anonfun$apply$2.apply(Action.scala:103)
	at scala.concurrent.Future$$anonfun$flatMap$1.apply(Future.scala:251)
	at scala.concurrent.Future$$anonfun$flatMap$1.apply(Future.scala:249)
	... 13 common frames omitted
2017-04-17 01:42:02,460 [INFO] from application in application-akka.actor.default-dispatcher-26 - ApplicationTimer demo: Stopping application at 2017-04-17T00:42:02.460Z after 435s.
2017-04-17 01:42:02,461 [INFO] from application in application-akka.actor.default-dispatcher-26 - Shutting down connection pool.
2017-04-17 01:42:02,525 [INFO] from application in application-akka.actor.default-dispatcher-26 - Creating Pool for datasource 'default'
2017-04-17 01:42:02,535 [INFO] from play.api.db.DefaultDBApi in application-akka.actor.default-dispatcher-26 - Database [default] connected at jdbc:h2:file:./data/ProjectDB
2017-04-17 01:42:02,571 [INFO] from application in application-akka.actor.default-dispatcher-26 - ApplicationTimer demo: Starting application at 2017-04-17T00:42:02.571Z
2017-04-17 01:42:02,628 [INFO] from play.api.Play in application-akka.actor.default-dispatcher-26 - Application started (Dev)
2017-04-17 01:42:49,641 [INFO] from application in application-akka.actor.default-dispatcher-9 - ApplicationTimer demo: Stopping application at 2017-04-17T00:42:49.641Z after 47s.
2017-04-17 01:42:49,642 [INFO] from application in application-akka.actor.default-dispatcher-9 - Shutting down connection pool.
2017-04-17 01:42:49,712 [INFO] from application in application-akka.actor.default-dispatcher-9 - Creating Pool for datasource 'default'
2017-04-17 01:42:49,726 [INFO] from play.api.db.DefaultDBApi in application-akka.actor.default-dispatcher-9 - Database [default] connected at jdbc:h2:file:./data/ProjectDB
2017-04-17 01:42:49,762 [INFO] from application in application-akka.actor.default-dispatcher-9 - ApplicationTimer demo: Starting application at 2017-04-17T00:42:49.762Z
2017-04-17 01:42:49,821 [INFO] from play.api.Play in application-akka.actor.default-dispatcher-9 - Application started (Dev)
2017-04-17 01:43:10,071 [INFO] from application in application-akka.actor.default-dispatcher-11 - ApplicationTimer demo: Stopping application at 2017-04-17T00:43:10.071Z after 21s.
2017-04-17 01:43:10,071 [INFO] from application in application-akka.actor.default-dispatcher-11 - Shutting down connection pool.
2017-04-17 01:43:10,138 [INFO] from application in application-akka.actor.default-dispatcher-11 - Creating Pool for datasource 'default'
2017-04-17 01:43:10,150 [INFO] from play.api.db.DefaultDBApi in application-akka.actor.default-dispatcher-11 - Database [default] connected at jdbc:h2:file:./data/ProjectDB
2017-04-17 01:43:10,188 [INFO] from application in application-akka.actor.default-dispatcher-11 - ApplicationTimer demo: Starting application at 2017-04-17T00:43:10.188Z
2017-04-17 01:43:10,240 [INFO] from play.api.Play in application-akka.actor.default-dispatcher-11 - Application started (Dev)
2017-04-17 01:43:34,605 [INFO] from application in application-akka.actor.default-dispatcher-10 - ApplicationTimer demo: Stopping application at 2017-04-17T00:43:34.605Z after 24s.
2017-04-17 01:43:34,605 [INFO] from application in application-akka.actor.default-dispatcher-10 - Shutting down connection pool.
2017-04-17 01:43:34,670 [INFO] from application in application-akka.actor.default-dispatcher-10 - Creating Pool for datasource 'default'
2017-04-17 01:43:34,689 [INFO] from play.api.db.DefaultDBApi in application-akka.actor.default-dispatcher-10 - Database [default] connected at jdbc:h2:file:./data/ProjectDB
2017-04-17 01:43:34,722 [INFO] from application in application-akka.actor.default-dispatcher-10 - ApplicationTimer demo: Starting application at 2017-04-17T00:43:34.722Z
2017-04-17 01:43:34,772 [INFO] from play.api.Play in application-akka.actor.default-dispatcher-10 - Application started (Dev)
2017-04-17 01:44:54,038 [INFO] from application in application-akka.actor.default-dispatcher-11 - ApplicationTimer demo: Stopping application at 2017-04-17T00:44:54.037Z after 80s.
2017-04-17 01:44:54,039 [INFO] from application in application-akka.actor.default-dispatcher-11 - Shutting down connection pool.
2017-04-17 01:44:54,106 [INFO] from application in application-akka.actor.default-dispatcher-11 - Creating Pool for datasource 'default'
2017-04-17 01:44:54,118 [INFO] from play.api.db.DefaultDBApi in application-akka.actor.default-dispatcher-11 - Database [default] connected at jdbc:h2:file:./data/ProjectDB
2017-04-17 01:44:54,151 [INFO] from application in application-akka.actor.default-dispatcher-11 - ApplicationTimer demo: Starting application at 2017-04-17T00:44:54.151Z
2017-04-17 01:44:54,207 [INFO] from play.api.Play in application-akka.actor.default-dispatcher-11 - Application started (Dev)
2017-04-17 01:45:42,253 [INFO] from application in application-akka.actor.default-dispatcher-5 - ApplicationTimer demo: Stopping application at 2017-04-17T00:45:42.253Z after 48s.
2017-04-17 01:45:42,254 [INFO] from application in application-akka.actor.default-dispatcher-5 - Shutting down connection pool.
2017-04-17 01:45:42,315 [INFO] from application in application-akka.actor.default-dispatcher-5 - Creating Pool for datasource 'default'
2017-04-17 01:45:42,325 [INFO] from play.api.db.DefaultDBApi in application-akka.actor.default-dispatcher-5 - Database [default] connected at jdbc:h2:file:./data/ProjectDB
2017-04-17 01:45:42,367 [INFO] from application in application-akka.actor.default-dispatcher-5 - ApplicationTimer demo: Starting application at 2017-04-17T00:45:42.367Z
2017-04-17 01:45:42,421 [INFO] from play.api.Play in application-akka.actor.default-dispatcher-5 - Application started (Dev)
2017-04-17 01:49:28,822 [INFO] from application in application-akka.actor.default-dispatcher-10 - ApplicationTimer demo: Stopping application at 2017-04-17T00:49:28.822Z after 226s.
2017-04-17 01:49:28,823 [INFO] from application in application-akka.actor.default-dispatcher-10 - Shutting down connection pool.
2017-04-17 01:49:28,907 [INFO] from application in application-akka.actor.default-dispatcher-10 - Creating Pool for datasource 'default'
2017-04-17 01:49:28,917 [INFO] from play.api.db.DefaultDBApi in application-akka.actor.default-dispatcher-10 - Database [default] connected at jdbc:h2:file:./data/ProjectDB
2017-04-17 01:49:28,957 [INFO] from application in application-akka.actor.default-dispatcher-10 - ApplicationTimer demo: Starting application at 2017-04-17T00:49:28.957Z
2017-04-17 01:49:29,014 [INFO] from play.api.Play in application-akka.actor.default-dispatcher-10 - Application started (Dev)
2017-04-17 01:52:38,477 [INFO] from application in application-akka.actor.default-dispatcher-24 - ApplicationTimer demo: Stopping application at 2017-04-17T00:52:38.477Z after 190s.
2017-04-17 01:52:38,477 [INFO] from application in application-akka.actor.default-dispatcher-24 - Shutting down connection pool.
2017-04-17 01:52:38,535 [INFO] from application in application-akka.actor.default-dispatcher-24 - Creating Pool for datasource 'default'
2017-04-17 01:52:38,544 [INFO] from play.api.db.DefaultDBApi in application-akka.actor.default-dispatcher-24 - Database [default] connected at jdbc:h2:file:./data/ProjectDB
2017-04-17 01:52:38,581 [INFO] from application in application-akka.actor.default-dispatcher-24 - ApplicationTimer demo: Starting application at 2017-04-17T00:52:38.581Z
2017-04-17 01:52:38,641 [INFO] from play.api.Play in application-akka.actor.default-dispatcher-24 - Application started (Dev)
2017-04-17 01:53:25,516 [INFO] from application in application-akka.actor.default-dispatcher-10 - ApplicationTimer demo: Stopping application at 2017-04-17T00:53:25.516Z after 47s.
2017-04-17 01:53:25,517 [INFO] from application in application-akka.actor.default-dispatcher-10 - Shutting down connection pool.
2017-04-17 01:53:25,579 [INFO] from application in application-akka.actor.default-dispatcher-10 - Creating Pool for datasource 'default'
2017-04-17 01:53:25,585 [INFO] from play.api.db.DefaultDBApi in application-akka.actor.default-dispatcher-10 - Database [default] connected at jdbc:h2:file:./data/ProjectDB
2017-04-17 01:53:25,613 [INFO] from application in application-akka.actor.default-dispatcher-10 - ApplicationTimer demo: Starting application at 2017-04-17T00:53:25.613Z
2017-04-17 01:53:25,661 [INFO] from play.api.Play in application-akka.actor.default-dispatcher-10 - Application started (Dev)
2017-04-17 01:57:29,678 [INFO] from application in application-akka.actor.default-dispatcher-12 - ApplicationTimer demo: Stopping application at 2017-04-17T00:57:29.678Z after 244s.
2017-04-17 01:57:29,678 [INFO] from application in application-akka.actor.default-dispatcher-12 - Shutting down connection pool.
2017-04-17 01:57:29,732 [INFO] from application in application-akka.actor.default-dispatcher-12 - Creating Pool for datasource 'default'
2017-04-17 01:57:29,741 [INFO] from play.api.db.DefaultDBApi in application-akka.actor.default-dispatcher-12 - Database [default] connected at jdbc:h2:file:./data/ProjectDB
2017-04-17 01:57:29,769 [INFO] from application in application-akka.actor.default-dispatcher-12 - ApplicationTimer demo: Starting application at 2017-04-17T00:57:29.769Z
2017-04-17 01:57:29,822 [INFO] from play.api.Play in application-akka.actor.default-dispatcher-12 - Application started (Dev)
2017-04-17 01:59:04,638 [INFO] from application in application-akka.actor.default-dispatcher-2 - ApplicationTimer demo: Stopping application at 2017-04-17T00:59:04.637Z after 95s.
2017-04-17 01:59:04,638 [INFO] from application in application-akka.actor.default-dispatcher-2 - Shutting down connection pool.
2017-04-17 01:59:04,698 [INFO] from application in application-akka.actor.default-dispatcher-2 - Creating Pool for datasource 'default'
2017-04-17 01:59:04,707 [INFO] from play.api.db.DefaultDBApi in application-akka.actor.default-dispatcher-2 - Database [default] connected at jdbc:h2:file:./data/ProjectDB
2017-04-17 01:59:04,735 [INFO] from application in application-akka.actor.default-dispatcher-2 - ApplicationTimer demo: Starting application at 2017-04-17T00:59:04.735Z
2017-04-17 01:59:04,782 [INFO] from play.api.Play in application-akka.actor.default-dispatcher-2 - Application started (Dev)
2017-04-17 01:59:23,677 [INFO] from application in application-akka.actor.default-dispatcher-7 - ApplicationTimer demo: Stopping application at 2017-04-17T00:59:23.677Z after 19s.
2017-04-17 01:59:23,678 [INFO] from application in application-akka.actor.default-dispatcher-7 - Shutting down connection pool.
2017-04-17 01:59:23,732 [INFO] from application in application-akka.actor.default-dispatcher-7 - Creating Pool for datasource 'default'
2017-04-17 01:59:23,741 [INFO] from play.api.db.DefaultDBApi in application-akka.actor.default-dispatcher-7 - Database [default] connected at jdbc:h2:file:./data/ProjectDB
2017-04-17 01:59:23,778 [INFO] from application in application-akka.actor.default-dispatcher-7 - ApplicationTimer demo: Starting application at 2017-04-17T00:59:23.778Z
2017-04-17 01:59:23,829 [INFO] from play.api.Play in application-akka.actor.default-dispatcher-7 - Application started (Dev)
2017-04-17 01:59:36,182 [INFO] from application in application-akka.actor.default-dispatcher-8 - ApplicationTimer demo: Stopping application at 2017-04-17T00:59:36.182Z after 13s.
2017-04-17 01:59:36,182 [INFO] from application in application-akka.actor.default-dispatcher-8 - Shutting down connection pool.
2017-04-17 01:59:36,241 [INFO] from application in application-akka.actor.default-dispatcher-8 - Creating Pool for datasource 'default'
2017-04-17 01:59:36,249 [INFO] from play.api.db.DefaultDBApi in application-akka.actor.default-dispatcher-8 - Database [default] connected at jdbc:h2:file:./data/ProjectDB
2017-04-17 01:59:36,280 [INFO] from application in application-akka.actor.default-dispatcher-8 - ApplicationTimer demo: Starting application at 2017-04-17T00:59:36.280Z
2017-04-17 01:59:36,338 [INFO] from play.api.Play in application-akka.actor.default-dispatcher-8 - Application started (Dev)
